2026-01-01 16:57:14,390 - Start adding English names. Total files: 78
2026-01-01 16:57:15,359 - Success (Added name_en): school_tcc-japanese-language-school.md
2026-01-01 16:57:18,223 - Success (Added name_en): school_tokyo-world-nihongo-gakkou.md
2026-01-01 16:57:21,092 - Success (Added name_en): school_sakura-japanese-language-academy-fukuoka.md
2026-01-01 16:57:23,958 - Success (Added name_en): school_himawari-osaka-nihongo-gakuen.md
2026-01-01 16:57:26,826 - Success (Added name_en): school_aomori-nihongo-gakuen.md
2026-01-01 16:57:29,595 - Success (Added name_en): school_asia-japanese-academy.md
2026-01-01 16:57:32,456 - Success (Added name_en): school_igl-medical-welfare-professional-school-japanese-language-department.md
2026-01-01 16:57:35,201 - Success (Added name_en): school_j-kokusai-gakuin.md
2026-01-01 16:57:38,009 - Success (Added name_en): school_meiyo-japanese-language-academy.md
2026-01-01 16:57:40,854 - Success (Added name_en): school_happiness-foreign-language-academy.md
2026-01-01 16:57:43,663 - Success (Added name_en): school_nagoya-fukutoku-japanese-language-academy.md
2026-01-01 16:57:46,351 - Success (Added name_en): school_osaka-japanese-language-academy.md
2026-01-01 16:57:49,171 - Success (Added name_en): school_kobe-nichigo-gakuin.md
2026-01-01 16:57:51,989 - Success (Added name_en): school_kokusai-academy-language-school.md
2026-01-01 16:57:54,660 - Success (Added name_en): school_labo-japanese-language-institute.md
2026-01-01 16:57:57,547 - Success (Added name_en): school_marugame-international-academy.md
2026-01-01 16:58:00,207 - Success (Added name_en): school_asahi-bunka-gakuin.md
2026-01-01 16:58:02,947 - Success (Added name_en): school_mitsumine-career-academy-japanese-course.md
2026-01-01 16:58:05,747 - Success (Added name_en): school_kyoto-japanese-language-school.md
2026-01-01 16:58:08,597 - Success (Added name_en): school_kobe-gaigo-kyoiku-gakuin.md
2026-01-01 16:58:17,922 - Start adding English names. Total files: 78
2026-01-01 16:58:18,949 - Success (Added name_en): school_sagami-international-academy.md
2026-01-01 16:58:21,833 - Success (Added name_en): school_yono-gakuin-japanese-language-school.md
2026-01-01 16:58:24,680 - Success (Added name_en): school_clover-academy-osaka.md
2026-01-01 16:58:27,548 - Success (Added name_en): school_chuo-information-college.md
2026-01-01 16:58:30,414 - Success (Added name_en): school_okayama-university-of-science-and-technology-vocational-school-japanese-language-department.md
2026-01-01 16:58:33,389 - Success (Added name_en): school_tokyo-chuo-japanese-language-school.md
2026-01-01 16:58:36,291 - Success (Added name_en): school_mizuno-gaigo-gakuin.md
2026-01-01 16:58:39,052 - Success (Added name_en): school_kobe-toyo-japanese-language-academy.md
2026-01-01 16:58:41,781 - Success (Added name_en): school_shurin-japanese-school.md
2026-01-01 16:58:44,526 - Success (Added name_en): school_international-foreign-language-tourism-airline-college.md
2026-01-01 16:58:47,312 - Success (Added name_en): school_aichi-kotonoha-academy.md
2026-01-01 16:58:50,179 - Success (Added name_en): school_kumamoto-ymca-college-japanese-language-department.md
2026-01-01 16:58:52,996 - Success (Added name_en): school_kcp-international-language-school.md
2026-01-01 16:58:55,809 - Success (Added name_en): school_an-language-school-narimasu.md
2026-01-01 16:58:58,626 - Success (Added name_en): school_nihongo-center.md
2026-01-01 16:59:01,447 - Success (Added name_en): school_aoyama-international-education-institute.md
2026-01-01 16:59:04,136 - Success (Added name_en): school_tls-fukuroi.md
2026-01-01 16:59:06,990 - Success (Added name_en): school_hitachi-sakura-nihongo-gakko.md
2026-01-01 16:59:09,744 - Success (Added name_en): school_j-s-l-nihon-academy.md
2026-01-01 16:59:12,604 - Success (Added name_en): school_nihongo-gakko-tsukuba-smile.md
2026-01-01 16:59:15,408 - Success (Added name_en): school_hiroshima-ymca-specialized-school.md
2026-01-01 16:59:20,385 - Success (Added name_en): school_chuogakuen-japanese-language-school.md
2026-01-01 16:59:23,061 - Success (Added name_en): school_asuka-gakuin.md
2026-01-01 16:59:25,812 - Success (Added name_en): school_yokohama-mirai-nihongo-gakuin.md
2026-01-01 16:59:28,579 - Success (Added name_en): school_abenonihongogakuin.md
2026-01-01 16:59:31,531 - Success (Added name_en): school_aso-foreign-language-tourism-bridal-college.md
2026-01-01 16:59:34,518 - Success (Added name_en): school_tokai-gakuin-college-of-culture-and-liberal-arts.md
2026-01-01 16:59:37,285 - Success (Added name_en): school_shinjuku-gyoen-gakuin.md
2026-01-01 16:59:40,142 - Success (Added name_en): school_trinity-college-izumo-medical-welfare.md
2026-01-01 16:59:42,960 - Success (Added name_en): school_seifu-jouhou-kougakuin-senmon-gakkou-nihongo-ka.md
2026-01-01 16:59:45,783 - Success (Added name_en): school_one-purpose-international-academy.md
2026-01-01 16:59:48,593 - Success (Added name_en): school_kankyu-japanese-language-academy.md
2026-01-01 16:59:51,375 - Success (Added name_en): school_manabi-japanese-language-institute-tokyo-school.md
2026-01-01 16:59:54,285 - Success (Added name_en): school_nihongo-gaku-gakko.md
2026-01-01 16:59:57,122 - Success (Added name_en): school_osaka-minami-japanese-language-school.md
2026-01-01 16:59:59,905 - Success (Added name_en): school_kochi-gakuen-japanese-language-school.md
2026-01-01 17:00:02,678 - Success (Added name_en): school_sam-kyoiku-gakuin.md
2026-01-01 17:00:05,549 - Success (Added name_en): school_north-river-japanese-school.md
2026-01-01 17:00:08,316 - Success (Added name_en): school_toshin-language-school.md
2026-01-01 17:00:11,074 - Success (Added name_en): school_communica-institute.md
2026-01-01 17:00:13,942 - Success (Added name_en): school_shinjuku-heiwa-japanese-language-school.md
2026-01-01 17:00:16,716 - Success (Added name_en): school_nagoya-sky-japanese-language-school.md
2026-01-01 17:00:19,483 - Success (Added name_en): school_kokusai-joho-business-college.md
2026-01-01 17:00:22,265 - Success (Added name_en): school_yamate-nihongo-gakko.md
2026-01-01 17:00:25,146 - Success (Added name_en): school_kaszankai-toa-gakuin.md
2026-01-01 17:00:27,971 - Success (Added name_en): school_shizuoka-international-school.md
2026-01-01 17:00:30,745 - Success (Added name_en): school_human-academy-japanese-language-school-tokyo.md
2026-01-01 17:00:33,706 - Success (Added name_en): school_aoyama-school-of-japanese.md
2026-01-01 17:00:36,573 - Success (Added name_en): school_teikyo-heisei-university-affiliated-japanese-language-school.md
2026-01-01 17:00:39,358 - Success (Added name_en): school_jet-japanese-language-school.md
2026-01-01 17:00:42,158 - Success (Added name_en): school_osafune-japanese-language-academy.md
2026-01-01 17:00:44,984 - Success (Added name_en): school_kokusai-kotoba-gakuin-nihongo-gakko.md
2026-01-01 17:00:47,837 - Success (Added name_en): school_toho-international-college.md
2026-01-01 17:00:50,689 - Success (Added name_en): school_bunrin-gakuin-japanese-language-department.md
2026-01-01 17:00:53,570 - Success (Added name_en): school_gyochigakuen-japanese-language-school-takadanobaba.md
2026-01-01 17:00:56,440 - Success (Added name_en): school_nara-gaigo-gakuin.md
2026-01-01 17:00:59,305 - Success (Added name_en): school_kobe-ymca-college.md
2026-01-01 17:01:02,048 - Success (Added name_en): school_nicchu-language-academy.md
