2026-01-01 16:04:20,782 - Start enhancement process. Total files: 77
2026-01-01 16:04:34,463 - Success (Enhanced): school_tcc-japanese-language-school.md
2026-01-01 16:05:01,502 - Success (Enhanced): school_sakura-japanese-language-academy-fukuoka.md
2026-01-01 16:05:26,789 - Success (Enhanced): school_aomori-nihongo-gakuen.md
2026-01-01 16:05:47,384 - Success (Enhanced): school_asia-japanese-academy.md
2026-01-01 16:06:06,112 - Success (Enhanced): school_igl-medical-welfare-professional-school-japanese-language-department.md
2026-01-01 16:06:27,719 - Success (Enhanced): school_happiness-foreign-language-academy.md
2026-01-01 16:06:47,789 - Success (Enhanced): school_osaka-japanese-language-academy.md
2026-01-01 16:07:08,372 - Success (Enhanced): school_kokusai-academy-language-school.md
2026-01-01 16:07:27,222 - Success (Enhanced): school_labo-japanese-language-institute.md
2026-01-01 16:07:51,484 - Success (Enhanced): school_mitsumine-career-academy-japanese-course.md
2026-01-01 16:08:03,192 - Start enhancement process. Total files: 77
2026-01-01 16:08:16,674 - Success (Enhanced): school_kobe-gaigo-kyoiku-gakuin.md
2026-01-01 16:08:39,402 - Success (Enhanced): school_sagami-international-academy.md
2026-01-01 16:08:57,941 - Success (Enhanced): school_chuo-information-college.md
2026-01-01 16:09:18,217 - Success (Enhanced): school_okayama-university-of-science-and-technology-vocational-school-japanese-language-department.md
2026-01-01 16:09:40,539 - Success (Enhanced): school_tokyo-chuo-japanese-language-school.md
2026-01-01 16:10:03,480 - Success (Enhanced): school_mizuno-gaigo-gakuin.md
2026-01-01 16:10:28,565 - Success (Enhanced): school_shurin-japanese-school.md
2026-01-01 16:10:48,946 - Success (Enhanced): school_international-foreign-language-tourism-airline-college.md
2026-01-01 16:11:12,699 - Success (Enhanced): school_kcp-international-language-school.md
2026-01-01 16:11:31,751 - Success (Enhanced): school_nihongo-center.md
2026-01-01 16:11:54,990 - Success (Enhanced): school_hitachi-sakura-nihongo-gakko.md
2026-01-01 16:12:17,212 - Success (Enhanced): school_j-s-l-nihon-academy.md
2026-01-01 16:12:37,280 - Success (Enhanced): school_nihongo-gakko-tsukuba-smile.md
2026-01-01 16:13:02,781 - Success (Enhanced): school_aso-foreign-language-tourism-bridal-college.md
2026-01-01 16:13:21,520 - Success (Enhanced): school_tokai-gakuin-college-of-culture-and-liberal-arts.md
2026-01-01 16:13:48,143 - Success (Enhanced): school_shinjuku-gyoen-gakuin.md
2026-01-01 16:14:09,341 - Success (Enhanced): school_seifu-jouhou-kougakuin-senmon-gakkou-nihongo-ka.md
2026-01-01 16:14:32,072 - Success (Enhanced): school_kankyu-japanese-language-academy.md
2026-01-01 16:14:59,106 - Success (Enhanced): school_manabi-japanese-language-institute-tokyo-school.md
2026-01-01 16:15:21,222 - Success (Enhanced): school_osaka-minami-japanese-language-school.md
2026-01-01 16:15:46,825 - Success (Enhanced): school_kochi-gakuen-japanese-language-school.md
2026-01-01 16:16:10,175 - Success (Enhanced): school_sam-kyoiku-gakuin.md
2026-01-01 16:16:34,134 - Success (Enhanced): school_north-river-japanese-school.md
2026-01-01 16:16:57,994 - Success (Enhanced): school_communica-institute.md
2026-01-01 16:17:24,616 - Success (Enhanced): school_shinjuku-heiwa-japanese-language-school.md
2026-01-01 16:17:47,765 - Success (Enhanced): school_nagoya-sky-japanese-language-school.md
2026-01-01 16:18:09,268 - Success (Enhanced): school_kokusai-joho-business-college.md
2026-01-01 16:18:34,351 - Success (Enhanced): school_human-academy-japanese-language-school-tokyo.md
2026-01-01 16:18:59,544 - Success (Enhanced): school_teikyo-heisei-university-affiliated-japanese-language-school.md
2026-01-01 16:19:24,015 - Success (Enhanced): school_jet-japanese-language-school.md
2026-01-01 16:19:45,308 - Start enhancement process. Total files: 77
2026-01-01 16:20:05,080 - Success (Enhanced): school_toho-international-college.md
2026-01-01 16:20:27,711 - Success (Enhanced): school_nara-gaigo-gakuin.md
2026-01-01 16:20:39,732 - Start enhancement process. Total files: 77
