2026-01-01 16:32:19,086 - Generated: guide_cost.md
2026-01-01 16:32:41,203 - Generated: guide_school-choice.md
2026-01-01 16:33:00,146 - Generated: guide_visa.md
2026-01-01 16:33:21,447 - Generated: guide_housing.md
2026-01-01 16:39:26,812 - Generated: guide_cost.md
2026-01-01 16:39:51,317 - Generated: guide_school-choice.md
2026-01-01 16:40:11,253 - Generated: guide_visa.md
2026-01-01 16:40:30,502 - Generated: guide_housing.md
2026-01-01 16:42:12,191 - Generated: guide_cost.md
2026-01-01 16:42:34,219 - Generated: guide_school-choice.md
2026-01-01 16:42:57,353 - Generated: guide_visa.md
2026-01-01 16:43:19,410 - Generated: guide_housing.md
2026-01-01 16:43:46,295 - Generated: guide_part-time.md
2026-01-01 16:44:06,467 - Generated: guide_eju-jlpt.md
2026-01-01 16:44:33,361 - Generated: guide_preparation.md
2026-01-01 16:44:55,003 - Generated: guide_mobile-bank.md
2026-01-01 16:45:13,336 - Generated: guide_insurance.md
2026-01-01 16:45:38,934 - Generated: guide_region.md
2026-01-13 20:21:37,818 - Generated: guide_scholarship.md
2026-01-13 20:22:00,451 - Generated: guide_coe-denial.md
2026-01-13 20:22:30,148 - Generated: guide_packing-tech.md
2026-01-13 20:22:55,645 - Generated: guide_bank-comparison.md
2026-01-13 20:23:37,015 - Generated: guide_transport-ic.md
2026-01-28 10:46:12,409 - Generated: guide_culture-shock.md
2026-01-28 10:46:33,260 - Generated: guide_rent-guarantor.md
2026-01-28 10:46:55,333 - Generated: guide_career-path.md
2026-01-28 10:47:17,970 - Generated: guide_sim-card-guide.md
2026-01-28 10:47:42,091 - Generated: guide_remittance.md
2026-01-28 10:48:06,047 - Generated: guide_bicycle-rules.md
2026-02-13 20:43:24,071 - Generated: guide_conbini-hacks.md
2026-02-13 20:43:51,542 - Generated: guide_eju-subjects.md
2026-02-13 20:44:22,671 - Generated: guide_jlpt-levels.md
2026-02-13 20:44:54,114 - Generated: guide_temp-jobs.md
2026-02-13 20:51:10,275 - ✅ Success: guide_medical-guide.md
2026-02-13 20:51:11,047 - ✅ Success: guide_ward-office.md
2026-02-13 20:51:11,377 - ✅ Success: guide_trash-sorting.md
2026-02-13 20:51:33,147 - ✅ Success: guide_job-hunting.md
2026-02-13 20:51:35,434 - ✅ Success: guide_resume-jp.md
2026-02-13 20:51:36,978 - ✅ Success: guide_interview-etiquette.md
2026-02-13 20:51:57,434 - ✅ Success: guide_tokyo-neighborhoods.md
2026-02-13 20:51:59,994 - ✅ Success: guide_osaka-neighborhoods.md
2026-02-13 20:52:05,110 - ✅ Success: guide_hokkaido-fukuoka.md
2026-02-13 20:52:23,952 - ✅ Success: guide_yucho-bank-deepdive.md
2026-03-03 21:36:45,578 - ✅ Success: guide_pension-exemption.md
2026-03-03 21:36:48,037 - ✅ Success: guide_my-number-card.md
2026-03-03 21:36:51,417 - ✅ Success: guide_apartment-initial-costs.md
2026-03-03 21:37:10,050 - ✅ Success: guide_internet-setup.md
2026-03-03 21:37:11,860 - ✅ Success: guide_utilities-setup.md
2026-03-03 21:37:19,476 - ✅ Success: guide_furniture-sourcing.md
2026-03-03 21:37:34,365 - ✅ Success: guide_train-pass.md
2026-03-03 21:37:36,670 - ✅ Success: guide_shinkansen-deals.md
2026-03-03 21:37:44,585 - ✅ Success: guide_100-yen-stores.md
2026-03-03 21:37:58,698 - ✅ Success: guide_academic-calendar.md
2026-03-03 21:38:00,221 - ✅ Success: guide_supermarket-discounts.md
2026-03-03 21:38:13,234 - ✅ Success: guide_golden-week.md
2026-03-08 10:52:15,972 - ❌ Failed: vocational-school-deepdive
2026-03-08 10:52:16,151 - ❌ Failed: part-time-tax
2026-03-08 10:52:16,313 - ❌ Failed: earthquake-prep
2026-03-08 10:53:46,421 - ❌ Failed: finding-apts-online
2026-03-08 10:53:46,607 - ❌ Failed: school-festivals
2026-03-08 10:53:46,776 - ❌ Failed: izakaya-etiquette
2026-03-08 10:55:16,678 - ❌ Failed: karaoke-guide
2026-03-08 10:55:16,843 - ❌ Failed: onsen-etiquette
2026-03-08 10:55:17,052 - ❌ Failed: shrine-temple-etiquette
2026-03-08 10:56:46,963 - ❌ Failed: university-clubs
2026-03-08 10:56:47,139 - ❌ Failed: student-discounts
2026-03-08 10:56:47,286 - ❌ Failed: bicycle-parking
2026-03-10 20:35:11,841 - ✅ Success: guide_vocational-school-deepdive.md
2026-03-10 20:35:11,949 - ✅ Success: guide_earthquake-prep.md
2026-03-10 20:35:13,582 - ✅ Success: guide_part-time-tax.md
2026-03-10 20:35:37,236 - ✅ Success: guide_school-festivals.md
2026-03-10 20:35:37,952 - ✅ Success: guide_finding-apts-online.md
2026-03-10 20:35:38,975 - ✅ Success: guide_izakaya-etiquette.md
2026-03-10 20:36:01,103 - ✅ Success: guide_onsen-etiquette.md
2026-03-10 20:36:02,627 - ✅ Success: guide_shrine-temple-etiquette.md
2026-03-10 20:36:04,985 - ✅ Success: guide_karaoke-guide.md
2026-03-10 20:36:26,995 - ✅ Success: guide_bicycle-parking.md
2026-03-10 20:36:27,309 - ✅ Success: guide_university-clubs.md
2026-03-10 20:36:28,432 - ✅ Success: guide_student-discounts.md
2026-03-10 20:36:55,370 - ✅ Success: guide_hanami-guide.md
2026-03-10 20:36:57,100 - ✅ Success: guide_summer-festivals.md
2026-03-10 20:37:04,480 - ✅ Success: guide_seasonal-foods.md
2026-03-10 20:37:16,870 - ✅ Success: guide_specialized-lang-schools.md
2026-03-10 20:37:18,403 - ✅ Success: guide_winter-illumination.md
2026-03-10 20:37:28,952 - ✅ Success: guide_short-term-programs.md
2026-03-10 20:37:35,612 - ✅ Success: guide_application-deadlines.md
2026-03-10 20:37:39,603 - ✅ Success: guide_financial-sponsor.md
2026-03-10 20:37:56,601 - ✅ Success: guide_part-time-restrictions.md
2026-03-10 20:37:59,260 - ✅ Success: guide_residence-card.md
2026-03-10 20:38:07,763 - ✅ Success: guide_hanko-guide.md
2026-03-10 20:38:22,712 - ✅ Success: guide_train-etiquette.md
2026-03-15 11:01:49,240 - ✅ Success: guide_earthquake-apps.md
2026-03-15 11:01:51,168 - ✅ Success: guide_typhoon-prep.md
2026-03-15 11:01:56,083 - ✅ Success: guide_gift-giving-culture.md
2026-03-15 11:02:10,522 - ✅ Success: guide_finding-a-clinic.md
2026-03-15 11:02:11,645 - ✅ Success: guide_prescription-meds.md
2026-03-15 11:02:15,130 - ✅ Success: guide_mental-health-support.md
2026-03-15 11:02:32,538 - ✅ Success: guide_point-cards.md
2026-03-15 11:02:32,539 - ✅ Success: guide_budget-apps.md
2026-03-15 11:02:37,477 - ✅ Success: guide_tax-free-shopping.md
2026-03-15 11:02:54,863 - ✅ Success: guide_internet-cafes.md
2026-03-15 11:02:56,087 - ✅ Success: guide_used-bookstores.md
2026-03-15 11:02:58,036 - ✅ Success: guide_gacha-culture.md
2026-03-24 20:46:06,049 - ✅ Success: guide_purikura-guide.md
2026-03-24 20:46:08,402 - ✅ Success: guide_japanese-slang.md
2026-03-24 20:46:10,041 - ✅ Success: guide_part-time-interview.md
2026-03-24 20:46:25,300 - ✅ Success: guide_resigning-etiquette.md
2026-03-24 20:46:28,371 - ✅ Success: guide_university-application-docs.md
2026-03-24 20:46:30,011 - ✅ Success: guide_senmon-vs-daigaku.md
2026-03-24 20:46:44,037 - ✅ Success: guide_finding-internships.md
2026-03-24 20:46:51,409 - ✅ Success: guide_networking-events.md
2026-04-04 15:15:16,768 - ✅ Success: guide_soft-bank-air-vs-fiber.md
2026-04-04 15:15:18,303 - ✅ Success: guide_jp-bank-atm-fees.md
2026-04-04 15:15:19,327 - ✅ Success: guide_thrift-stores-furniture.md
2026-04-04 15:15:39,913 - ✅ Success: guide_mercari-guide-students.md
2026-04-04 15:15:42,367 - ✅ Success: guide_nha-subsidy-housing.md
2026-04-04 15:15:43,390 - ✅ Success: guide_bicycle-insurance-law.md
2026-04-04 15:16:01,210 - ✅ Success: guide_emergency-numbers-jp.md
2026-04-04 15:16:02,211 - ✅ Success: guide_female-safety-tips.md
2026-04-04 15:16:06,738 - ✅ Success: guide_student-travel-willerexpress.md
2026-04-04 15:16:23,327 - ✅ Success: guide_capsule-hotels-etiquette.md
2026-04-04 15:16:24,043 - ✅ Success: guide_seishun-18-kippu.md
2026-04-04 15:16:28,043 - ✅ Success: guide_cheap-phone-accessories.md
